<?xml version="1.0" encoding="UTF-8"?>
<!-- Generated by org.testng.reporters.JUnitReportReporter -->
<testsuite hostname="SCL337" name="TestCases.Airport_Badging_Execution" tests="1" failures="0" timestamp="22 Jul 2020 06:52:05 GMT" time="466.194" errors="0">
  <testcase name="Airport_Badging_TC011" time="466.194" classname="TestCases.Airport_Badging_Execution"/>
</testsuite> <!-- TestCases.Airport_Badging_Execution -->
