<?xml version="1.0" encoding="UTF-8"?>
<!-- Generated by org.testng.reporters.JUnitReportReporter -->
<testsuite skipped="0" hostname="SCL337" name="webDriverTestCases.QA_Build_Healthcheck" tests="2" failures="0" timestamp="01 Jun 2021 07:51:20 GMT" time="1227.041" errors="0">
  <testcase name="QA_Build_Healthcheck_TC001" time="525.667" classname="webDriverTestCases.QA_Build_Healthcheck"/>
  <testcase name="QA_Build_Healthcheck_TC002" time="701.374" classname="webDriverTestCases.QA_Build_Healthcheck"/>
</testsuite> <!-- webDriverTestCases.QA_Build_Healthcheck -->
