<?xml version="1.0" encoding="UTF-8"?>
<!-- Generated by org.testng.reporters.JUnitReportReporter -->
<testsuite skipped="0" hostname="SCL337" name="webDriverTestCases.Self_Service" tests="1" failures="0" timestamp="13 Apr 2021 10:34:56 GMT" time="230.517" errors="0">
  <testcase name="Self_Service_Automation_TC014" time="230.517" classname="webDriverTestCases.Self_Service"/>
</testsuite> <!-- webDriverTestCases.Self_Service -->
