<?xml version="1.0" encoding="UTF-8"?>
<!-- Generated by org.testng.reporters.JUnitReportReporter -->
<testsuite hostname="VT056_Pugazhendhi_WIN" failures="0" tests="3" name="webDriverTestCases.Application_Sanity" time="99.194" errors="0" timestamp="2023-03-29T20:40:09 IST" skipped="2">
  <testcase classname="webDriverTestCases.Application_Sanity" name="Login_Logout_Test" time="99.194"/>
  <system-out/>
  <testcase classname="webDriverTestCases.Application_Sanity" name="Application_Sanity_Test">
    <skipped/>
  </testcase> <!-- Application_Sanity_Test -->
  <system-out/>
  <testcase classname="webDriverTestCases.Application_Sanity" name="Application_Sanity_Test1">
    <skipped/>
  </testcase> <!-- Application_Sanity_Test1 -->
  <system-out/>
</testsuite> <!-- webDriverTestCases.Application_Sanity -->
