<?xml version="1.0" encoding="UTF-8"?>
<!-- Generated by org.testng.reporters.JUnitReportReporter -->
<testsuite hostname="SCL337" name="TestCases.Airport_Badging" tests="1" failures="0" timestamp="31 Aug 2020 13:11:22 GMT" time="374.186" errors="0">
  <testcase name="Airport_Badging_TC002" time="374.186" classname="TestCases.Airport_Badging"/>
</testsuite> <!-- TestCases.Airport_Badging -->
