<?xml version="1.0" encoding="UTF-8"?>
<!-- Generated by org.testng.reporters.JUnitReportReporter -->
<testsuite hostname="SCL337" name="TestCases.SimpleGetTest" tests="1" failures="0" timestamp="1 Apr 2020 06:23:39 GMT" time="11.158" errors="0">
  <testcase name="GetWeatherDetails" time="11.158" classname="TestCases.SimpleGetTest"/>
</testsuite> <!-- TestCases.SimpleGetTest -->
