<?xml version="1.0" encoding="UTF-8"?>
<!-- Generated by org.testng.reporters.JUnitReportReporter -->
<testsuite hostname="VT056_Pugazhendhi_WIN" failures="0" tests="1" name="com.hsc.vms.IdentityVal" time="7.125" errors="0" timestamp="2023-02-24T16:11:11 IST" skipped="0">
  <testcase classname="com.hsc.vms.IdentityVal" name="generateToken" time="7.125"/>
  <system-out/>
</testsuite> <!-- com.hsc.vms.IdentityVal -->
